c:\users\rdavini\documents\projects\kblogger\kblogger\x64\debug\vc143.pdb
c:\users\rdavini\documents\projects\kblogger\kblogger\x64\debug\kblogger.obj
c:\users\rdavini\documents\projects\kblogger\x64\debug\kblogger\kblogger.cat
c:\users\rdavini\documents\projects\kblogger\x64\debug\kblogger.sys
c:\users\rdavini\documents\projects\kblogger\x64\debug\kblogger.pdb
c:\users\rdavini\documents\projects\kblogger\kblogger\x64\debug\kblogger.inf
c:\users\rdavini\documents\projects\kblogger\x64\debug\kblogger.cer
c:\users\rdavini\documents\projects\kblogger\x64\debug\kblogger.inf
c:\users\rdavini\documents\projects\kblogger\kblogger\x64\debug\kblogger.tlog\cl.command.1.tlog
c:\users\rdavini\documents\projects\kblogger\kblogger\x64\debug\kblogger.tlog\cl.items.tlog
c:\users\rdavini\documents\projects\kblogger\kblogger\x64\debug\kblogger.tlog\cl.read.1.tlog
c:\users\rdavini\documents\projects\kblogger\kblogger\x64\debug\kblogger.tlog\cl.write.1.tlog
c:\users\rdavini\documents\projects\kblogger\kblogger\x64\debug\kblogger.tlog\inf2cat-expand.11312.read.1.tlog
c:\users\rdavini\documents\projects\kblogger\kblogger\x64\debug\kblogger.tlog\inf2cat-expand.11312.write.1.tlog
c:\users\rdavini\documents\projects\kblogger\kblogger\x64\debug\kblogger.tlog\inf2cat-expand.11620.read.1.tlog
c:\users\rdavini\documents\projects\kblogger\kblogger\x64\debug\kblogger.tlog\inf2cat-expand.11620.write.1.tlog
c:\users\rdavini\documents\projects\kblogger\kblogger\x64\debug\kblogger.tlog\inf2cat-expand.14320.read.1.tlog
c:\users\rdavini\documents\projects\kblogger\kblogger\x64\debug\kblogger.tlog\inf2cat-expand.14320.write.1.tlog
c:\users\rdavini\documents\projects\kblogger\kblogger\x64\debug\kblogger.tlog\inf2cat-expand.7376.read.1.tlog
c:\users\rdavini\documents\projects\kblogger\kblogger\x64\debug\kblogger.tlog\inf2cat-expand.7376.write.1.tlog
c:\users\rdavini\documents\projects\kblogger\kblogger\x64\debug\kblogger.tlog\inf2cat-expand.8408.read.1.tlog
c:\users\rdavini\documents\projects\kblogger\kblogger\x64\debug\kblogger.tlog\inf2cat-expand.8408.write.1.tlog
c:\users\rdavini\documents\projects\kblogger\kblogger\x64\debug\kblogger.tlog\inf2cat-expand.read.1.tlog
c:\users\rdavini\documents\projects\kblogger\kblogger\x64\debug\kblogger.tlog\inf2cat-expand.write.1.tlog
c:\users\rdavini\documents\projects\kblogger\kblogger\x64\debug\kblogger.tlog\inf2cat.command.1.tlog
c:\users\rdavini\documents\projects\kblogger\kblogger\x64\debug\kblogger.tlog\inf2cat.read.1.tlog
c:\users\rdavini\documents\projects\kblogger\kblogger\x64\debug\kblogger.tlog\inf2cat.write.1.tlog
c:\users\rdavini\documents\projects\kblogger\kblogger\x64\debug\kblogger.tlog\link.command.1.tlog
c:\users\rdavini\documents\projects\kblogger\kblogger\x64\debug\kblogger.tlog\link.read.1.tlog
c:\users\rdavini\documents\projects\kblogger\kblogger\x64\debug\kblogger.tlog\link.secondary.1.tlog
c:\users\rdavini\documents\projects\kblogger\kblogger\x64\debug\kblogger.tlog\link.write.1.tlog
c:\users\rdavini\documents\projects\kblogger\kblogger\x64\debug\kblogger.tlog\signtool.command.1.tlog
c:\users\rdavini\documents\projects\kblogger\kblogger\x64\debug\kblogger.tlog\signtool.read.1.tlog
c:\users\rdavini\documents\projects\kblogger\kblogger\x64\debug\kblogger.tlog\signtool.timestamp.1.tlog
c:\users\rdavini\documents\projects\kblogger\kblogger\x64\debug\kblogger.tlog\signtool.write.1.tlog
c:\users\rdavini\documents\projects\kblogger\kblogger\x64\debug\kblogger.tlog\stampinf.command.1.tlog
c:\users\rdavini\documents\projects\kblogger\kblogger\x64\debug\kblogger.tlog\stampinf.read.1.tlog
c:\users\rdavini\documents\projects\kblogger\kblogger\x64\debug\kblogger.tlog\stampinf.write.1.tlog
